2020-08-05 17:32:58,680 INFO scheduler Scheduled Job Start: erpnext.projects.doctype.project.project.project_status_update_reminder for erpnext_dev
2020-08-05 17:32:58,832 INFO scheduler Scheduled Job Complete: erpnext.projects.doctype.project.project.project_status_update_reminder for erpnext_dev
2020-08-05 17:32:58,886 INFO scheduler Scheduled Job Start: frappe.monitor.flush for erpnext_dev
2020-08-05 17:32:58,993 INFO scheduler Scheduled Job Complete: frappe.monitor.flush for erpnext_dev
2020-08-05 17:32:59,055 INFO scheduler Scheduled Job Start: frappe.utils.global_search.sync_global_search for erpnext_dev
2020-08-05 17:32:59,159 INFO scheduler Scheduled Job Complete: frappe.utils.global_search.sync_global_search for erpnext_dev
2020-08-05 17:32:59,223 INFO scheduler Scheduled Job Start: frappe.integrations.doctype.razorpay_settings.razorpay_settings.capture_payment for erpnext_dev
2020-08-05 17:32:59,369 INFO scheduler Scheduled Job Complete: frappe.integrations.doctype.razorpay_settings.razorpay_settings.capture_payment for erpnext_dev
2020-08-05 17:32:59,431 INFO scheduler Scheduled Job Start: frappe.email.doctype.email_account.email_account.notify_unreplied for erpnext_dev
2020-08-05 17:32:59,573 INFO scheduler Scheduled Job Complete: frappe.email.doctype.email_account.email_account.notify_unreplied for erpnext_dev
2020-08-05 17:32:59,634 INFO scheduler Scheduled Job Start: frappe.email.doctype.email_account.email_account.pull for erpnext_dev
2020-08-05 17:32:59,800 INFO scheduler Scheduled Job Complete: frappe.email.doctype.email_account.email_account.pull for erpnext_dev
2020-08-05 17:32:59,853 INFO scheduler Scheduled Job Start: frappe.email.queue.flush for erpnext_dev
2020-08-05 17:33:00,134 INFO scheduler Scheduled Job Complete: frappe.email.queue.flush for erpnext_dev
2020-08-05 17:36:59,473 INFO scheduler Scheduled Job Start: erpnext.crm.doctype.social_media_post.social_media_post.process_scheduled_social_media_posts for erpnext_dev
2020-08-05 17:36:59,602 INFO scheduler Scheduled Job Complete: erpnext.crm.doctype.social_media_post.social_media_post.process_scheduled_social_media_posts for erpnext_dev
2020-08-05 17:36:59,658 INFO scheduler Scheduled Job Start: erpnext.healthcare.doctype.patient_appointment.patient_appointment.send_appointment_reminder for erpnext_dev
2020-08-05 17:36:59,779 INFO scheduler Scheduled Job Complete: erpnext.healthcare.doctype.patient_appointment.patient_appointment.send_appointment_reminder for erpnext_dev
2020-08-05 17:36:59,834 INFO scheduler Scheduled Job Start: erpnext.projects.doctype.project.project.project_status_update_reminder for erpnext_dev
2020-08-05 17:36:59,980 INFO scheduler Scheduled Job Complete: erpnext.projects.doctype.project.project.project_status_update_reminder for erpnext_dev
2020-08-05 17:37:00,033 INFO scheduler Scheduled Job Start: frappe.monitor.flush for erpnext_dev
2020-08-05 17:37:00,133 INFO scheduler Scheduled Job Complete: frappe.monitor.flush for erpnext_dev
2020-08-05 17:37:00,192 INFO scheduler Scheduled Job Start: frappe.utils.global_search.sync_global_search for erpnext_dev
2020-08-05 17:37:00,292 INFO scheduler Scheduled Job Complete: frappe.utils.global_search.sync_global_search for erpnext_dev
2020-08-05 17:37:00,356 INFO scheduler Scheduled Job Start: frappe.integrations.doctype.razorpay_settings.razorpay_settings.capture_payment for erpnext_dev
2020-08-05 17:37:00,473 INFO scheduler Scheduled Job Complete: frappe.integrations.doctype.razorpay_settings.razorpay_settings.capture_payment for erpnext_dev
2020-08-05 17:37:00,525 INFO scheduler Scheduled Job Start: frappe.email.doctype.email_account.email_account.notify_unreplied for erpnext_dev
2020-08-05 17:37:00,679 INFO scheduler Scheduled Job Complete: frappe.email.doctype.email_account.email_account.notify_unreplied for erpnext_dev
2020-08-05 17:37:00,731 INFO scheduler Scheduled Job Start: frappe.email.doctype.email_account.email_account.pull for erpnext_dev
2020-08-05 17:37:00,878 INFO scheduler Scheduled Job Complete: frappe.email.doctype.email_account.email_account.pull for erpnext_dev
2020-08-05 17:37:00,927 INFO scheduler Scheduled Job Start: frappe.email.queue.flush for erpnext_dev
2020-08-05 17:37:01,051 INFO scheduler Scheduled Job Complete: frappe.email.queue.flush for erpnext_dev
2020-08-05 17:40:00,290 INFO scheduler Scheduled Job Start: erpnext.crm.doctype.social_media_post.social_media_post.process_scheduled_social_media_posts for erpnext_dev
2020-08-05 17:40:00,439 INFO scheduler Scheduled Job Complete: erpnext.crm.doctype.social_media_post.social_media_post.process_scheduled_social_media_posts for erpnext_dev
2020-08-05 17:40:00,502 INFO scheduler Scheduled Job Start: erpnext.healthcare.doctype.patient_appointment.patient_appointment.send_appointment_reminder for erpnext_dev
2020-08-05 17:40:00,621 INFO scheduler Scheduled Job Complete: erpnext.healthcare.doctype.patient_appointment.patient_appointment.send_appointment_reminder for erpnext_dev
2020-08-05 17:40:00,676 INFO scheduler Scheduled Job Start: erpnext.projects.doctype.project.project.project_status_update_reminder for erpnext_dev
2020-08-05 17:40:00,820 INFO scheduler Scheduled Job Complete: erpnext.projects.doctype.project.project.project_status_update_reminder for erpnext_dev
2020-08-05 17:40:00,872 INFO scheduler Scheduled Job Start: frappe.monitor.flush for erpnext_dev
2020-08-05 17:40:01,006 INFO scheduler Scheduled Job Complete: frappe.monitor.flush for erpnext_dev
2020-08-05 17:40:01,065 INFO scheduler Scheduled Job Start: frappe.utils.global_search.sync_global_search for erpnext_dev
2020-08-05 17:40:01,173 INFO scheduler Scheduled Job Complete: frappe.utils.global_search.sync_global_search for erpnext_dev
2020-08-05 17:40:01,233 INFO scheduler Scheduled Job Start: frappe.integrations.doctype.razorpay_settings.razorpay_settings.capture_payment for erpnext_dev
2020-08-05 17:40:01,354 INFO scheduler Scheduled Job Complete: frappe.integrations.doctype.razorpay_settings.razorpay_settings.capture_payment for erpnext_dev
2020-08-05 17:40:01,417 INFO scheduler Scheduled Job Start: frappe.email.doctype.email_account.email_account.notify_unreplied for erpnext_dev
2020-08-05 17:40:01,601 INFO scheduler Scheduled Job Complete: frappe.email.doctype.email_account.email_account.notify_unreplied for erpnext_dev
2020-08-05 17:40:01,653 INFO scheduler Scheduled Job Start: frappe.email.doctype.email_account.email_account.pull for erpnext_dev
2020-08-05 17:40:01,884 INFO scheduler Scheduled Job Complete: frappe.email.doctype.email_account.email_account.pull for erpnext_dev
2020-08-05 17:40:01,935 INFO scheduler Scheduled Job Start: frappe.email.queue.flush for erpnext_dev
2020-08-05 17:40:02,150 INFO scheduler Scheduled Job Complete: frappe.email.queue.flush for erpnext_dev
2020-08-05 17:44:01,347 INFO scheduler Scheduled Job Start: erpnext.crm.doctype.social_media_post.social_media_post.process_scheduled_social_media_posts for erpnext_dev
2020-08-05 17:44:01,478 INFO scheduler Scheduled Job Complete: erpnext.crm.doctype.social_media_post.social_media_post.process_scheduled_social_media_posts for erpnext_dev
2020-08-05 17:44:01,534 INFO scheduler Scheduled Job Start: erpnext.healthcare.doctype.patient_appointment.patient_appointment.send_appointment_reminder for erpnext_dev
2020-08-05 17:44:01,685 INFO scheduler Scheduled Job Complete: erpnext.healthcare.doctype.patient_appointment.patient_appointment.send_appointment_reminder for erpnext_dev
2020-08-05 17:44:01,742 INFO scheduler Scheduled Job Start: erpnext.projects.doctype.project.project.project_status_update_reminder for erpnext_dev
2020-08-05 17:44:01,983 INFO scheduler Scheduled Job Complete: erpnext.projects.doctype.project.project.project_status_update_reminder for erpnext_dev
2020-08-05 17:44:02,056 INFO scheduler Scheduled Job Start: frappe.monitor.flush for erpnext_dev
2020-08-05 17:44:02,213 INFO scheduler Scheduled Job Complete: frappe.monitor.flush for erpnext_dev
2020-08-05 17:44:02,272 INFO scheduler Scheduled Job Start: frappe.utils.global_search.sync_global_search for erpnext_dev
2020-08-05 17:44:02,380 INFO scheduler Scheduled Job Complete: frappe.utils.global_search.sync_global_search for erpnext_dev
2020-08-05 17:44:02,442 INFO scheduler Scheduled Job Start: frappe.integrations.doctype.razorpay_settings.razorpay_settings.capture_payment for erpnext_dev
2020-08-05 17:44:02,558 INFO scheduler Scheduled Job Complete: frappe.integrations.doctype.razorpay_settings.razorpay_settings.capture_payment for erpnext_dev
2020-08-05 17:44:02,610 INFO scheduler Scheduled Job Start: frappe.email.doctype.email_account.email_account.notify_unreplied for erpnext_dev
2020-08-05 17:44:02,752 INFO scheduler Scheduled Job Complete: frappe.email.doctype.email_account.email_account.notify_unreplied for erpnext_dev
2020-08-05 17:44:02,801 INFO scheduler Scheduled Job Start: frappe.email.doctype.email_account.email_account.pull for erpnext_dev
2020-08-05 17:44:02,939 INFO scheduler Scheduled Job Complete: frappe.email.doctype.email_account.email_account.pull for erpnext_dev
2020-08-05 17:44:02,986 INFO scheduler Scheduled Job Start: frappe.email.queue.flush for erpnext_dev
2020-08-05 17:44:03,104 INFO scheduler Scheduled Job Complete: frappe.email.queue.flush for erpnext_dev
2020-08-05 17:45:01,703 INFO scheduler Scheduled Job Start: frappe.twofactor.delete_all_barcodes_for_users for erpnext_dev
2020-08-05 17:45:01,882 INFO scheduler Scheduled Job Complete: frappe.twofactor.delete_all_barcodes_for_users for erpnext_dev
2020-08-05 17:45:02,031 INFO scheduler Scheduled Job Start: frappe.website.doctype.web_page.web_page.check_publish_status for erpnext_dev
2020-08-05 17:45:02,306 INFO scheduler Scheduled Job Complete: frappe.website.doctype.web_page.web_page.check_publish_status for erpnext_dev
2020-08-05 17:45:02,653 INFO scheduler Scheduled Job Start: frappe.oauth.delete_oauth2_data for erpnext_dev
2020-08-05 17:45:03,146 INFO scheduler Scheduled Job Complete: frappe.oauth.delete_oauth2_data for erpnext_dev
2020-08-05 17:48:02,394 INFO scheduler Scheduled Job Start: erpnext.crm.doctype.social_media_post.social_media_post.process_scheduled_social_media_posts for erpnext_dev
2020-08-05 17:48:02,523 INFO scheduler Scheduled Job Complete: erpnext.crm.doctype.social_media_post.social_media_post.process_scheduled_social_media_posts for erpnext_dev
2020-08-05 17:48:02,581 INFO scheduler Scheduled Job Start: erpnext.healthcare.doctype.patient_appointment.patient_appointment.send_appointment_reminder for erpnext_dev
2020-08-05 17:48:02,697 INFO scheduler Scheduled Job Complete: erpnext.healthcare.doctype.patient_appointment.patient_appointment.send_appointment_reminder for erpnext_dev
2020-08-05 17:48:02,753 INFO scheduler Scheduled Job Start: erpnext.projects.doctype.project.project.project_status_update_reminder for erpnext_dev
2020-08-05 17:48:02,936 INFO scheduler Scheduled Job Complete: erpnext.projects.doctype.project.project.project_status_update_reminder for erpnext_dev
2020-08-05 17:48:02,989 INFO scheduler Scheduled Job Start: frappe.monitor.flush for erpnext_dev
2020-08-05 17:48:03,174 INFO scheduler Scheduled Job Complete: frappe.monitor.flush for erpnext_dev
2020-08-05 17:48:03,235 INFO scheduler Scheduled Job Start: frappe.utils.global_search.sync_global_search for erpnext_dev
2020-08-05 17:48:03,342 INFO scheduler Scheduled Job Complete: frappe.utils.global_search.sync_global_search for erpnext_dev
2020-08-05 17:48:03,401 INFO scheduler Scheduled Job Start: frappe.integrations.doctype.razorpay_settings.razorpay_settings.capture_payment for erpnext_dev
2020-08-05 17:48:03,521 INFO scheduler Scheduled Job Complete: frappe.integrations.doctype.razorpay_settings.razorpay_settings.capture_payment for erpnext_dev
2020-08-05 17:48:03,572 INFO scheduler Scheduled Job Start: frappe.email.doctype.email_account.email_account.notify_unreplied for erpnext_dev
2020-08-05 17:48:03,711 INFO scheduler Scheduled Job Complete: frappe.email.doctype.email_account.email_account.notify_unreplied for erpnext_dev
2020-08-05 17:48:03,764 INFO scheduler Scheduled Job Start: frappe.email.doctype.email_account.email_account.pull for erpnext_dev
2020-08-05 17:48:03,918 INFO scheduler Scheduled Job Complete: frappe.email.doctype.email_account.email_account.pull for erpnext_dev
2020-08-05 17:48:03,980 INFO scheduler Scheduled Job Start: frappe.email.queue.flush for erpnext_dev
2020-08-05 17:48:04,107 INFO scheduler Scheduled Job Complete: frappe.email.queue.flush for erpnext_dev
2020-08-05 17:52:03,437 INFO scheduler Scheduled Job Start: erpnext.crm.doctype.social_media_post.social_media_post.process_scheduled_social_media_posts for erpnext_dev
2020-08-05 17:52:03,573 INFO scheduler Scheduled Job Complete: erpnext.crm.doctype.social_media_post.social_media_post.process_scheduled_social_media_posts for erpnext_dev
2020-08-05 17:52:03,635 INFO scheduler Scheduled Job Start: erpnext.healthcare.doctype.patient_appointment.patient_appointment.send_appointment_reminder for erpnext_dev
2020-08-05 17:52:03,755 INFO scheduler Scheduled Job Complete: erpnext.healthcare.doctype.patient_appointment.patient_appointment.send_appointment_reminder for erpnext_dev
2020-08-05 17:52:03,809 INFO scheduler Scheduled Job Start: erpnext.projects.doctype.project.project.project_status_update_reminder for erpnext_dev
2020-08-05 17:52:03,959 INFO scheduler Scheduled Job Complete: erpnext.projects.doctype.project.project.project_status_update_reminder for erpnext_dev
2020-08-05 17:52:04,016 INFO scheduler Scheduled Job Start: frappe.monitor.flush for erpnext_dev
2020-08-05 17:52:04,130 INFO scheduler Scheduled Job Complete: frappe.monitor.flush for erpnext_dev
2020-08-05 17:52:04,186 INFO scheduler Scheduled Job Start: frappe.utils.global_search.sync_global_search for erpnext_dev
2020-08-05 17:52:04,371 INFO scheduler Scheduled Job Complete: frappe.utils.global_search.sync_global_search for erpnext_dev
2020-08-05 17:52:04,420 INFO scheduler Scheduled Job Start: frappe.integrations.doctype.razorpay_settings.razorpay_settings.capture_payment for erpnext_dev
2020-08-05 17:52:04,567 INFO scheduler Scheduled Job Complete: frappe.integrations.doctype.razorpay_settings.razorpay_settings.capture_payment for erpnext_dev
2020-08-05 17:52:04,624 INFO scheduler Scheduled Job Start: frappe.email.doctype.email_account.email_account.notify_unreplied for erpnext_dev
2020-08-05 17:52:04,841 INFO scheduler Scheduled Job Complete: frappe.email.doctype.email_account.email_account.notify_unreplied for erpnext_dev
2020-08-05 17:52:04,889 INFO scheduler Scheduled Job Start: frappe.email.doctype.email_account.email_account.pull for erpnext_dev
2020-08-05 17:52:05,061 INFO scheduler Scheduled Job Complete: frappe.email.doctype.email_account.email_account.pull for erpnext_dev
2020-08-05 17:52:05,112 INFO scheduler Scheduled Job Start: frappe.email.queue.flush for erpnext_dev
2020-08-05 17:52:05,238 INFO scheduler Scheduled Job Complete: frappe.email.queue.flush for erpnext_dev
2020-08-05 17:56:04,539 INFO scheduler Scheduled Job Start: erpnext.crm.doctype.social_media_post.social_media_post.process_scheduled_social_media_posts for erpnext_dev
2020-08-05 17:56:04,882 INFO scheduler Scheduled Job Complete: erpnext.crm.doctype.social_media_post.social_media_post.process_scheduled_social_media_posts for erpnext_dev
2020-08-05 17:56:04,943 INFO scheduler Scheduled Job Start: erpnext.healthcare.doctype.patient_appointment.patient_appointment.send_appointment_reminder for erpnext_dev
2020-08-05 17:56:05,087 INFO scheduler Scheduled Job Complete: erpnext.healthcare.doctype.patient_appointment.patient_appointment.send_appointment_reminder for erpnext_dev
2020-08-05 17:56:05,140 INFO scheduler Scheduled Job Start: erpnext.projects.doctype.project.project.project_status_update_reminder for erpnext_dev
2020-08-05 17:56:05,286 INFO scheduler Scheduled Job Complete: erpnext.projects.doctype.project.project.project_status_update_reminder for erpnext_dev
2020-08-05 17:56:05,339 INFO scheduler Scheduled Job Start: frappe.monitor.flush for erpnext_dev
2020-08-05 17:56:05,463 INFO scheduler Scheduled Job Complete: frappe.monitor.flush for erpnext_dev
2020-08-05 17:56:05,525 INFO scheduler Scheduled Job Start: frappe.utils.global_search.sync_global_search for erpnext_dev
2020-08-05 17:56:05,922 INFO scheduler Scheduled Job Complete: frappe.utils.global_search.sync_global_search for erpnext_dev
2020-08-05 17:56:05,989 INFO scheduler Scheduled Job Start: frappe.integrations.doctype.razorpay_settings.razorpay_settings.capture_payment for erpnext_dev
2020-08-05 17:56:06,561 INFO scheduler Scheduled Job Complete: frappe.integrations.doctype.razorpay_settings.razorpay_settings.capture_payment for erpnext_dev
2020-08-05 17:56:06,620 INFO scheduler Scheduled Job Start: frappe.email.doctype.email_account.email_account.notify_unreplied for erpnext_dev
2020-08-05 17:56:07,168 INFO scheduler Scheduled Job Complete: frappe.email.doctype.email_account.email_account.notify_unreplied for erpnext_dev
2020-08-05 17:56:07,221 INFO scheduler Scheduled Job Start: frappe.email.doctype.email_account.email_account.pull for erpnext_dev
2020-08-05 17:56:07,714 INFO scheduler Scheduled Job Complete: frappe.email.doctype.email_account.email_account.pull for erpnext_dev
2020-08-05 17:56:07,794 INFO scheduler Scheduled Job Start: frappe.email.queue.flush for erpnext_dev
2020-08-05 17:56:08,132 INFO scheduler Scheduled Job Complete: frappe.email.queue.flush for erpnext_dev
2020-08-05 18:00:05,840 INFO scheduler Scheduled Job Start: erpnext.support.doctype.issue.issue.set_service_level_agreement_variance for erpnext_dev
2020-08-05 18:00:06,878 INFO scheduler Scheduled Job Complete: erpnext.support.doctype.issue.issue.set_service_level_agreement_variance for erpnext_dev
2020-08-05 18:00:07,099 INFO scheduler Scheduled Job Start: erpnext.hr.doctype.shift_type.shift_type.process_auto_attendance_for_all_shifts for erpnext_dev
2020-08-05 18:00:07,461 INFO scheduler Scheduled Job Complete: erpnext.hr.doctype.shift_type.shift_type.process_auto_attendance_for_all_shifts for erpnext_dev
2020-08-05 18:00:07,674 INFO scheduler Scheduled Job Start: erpnext.projects.doctype.project.project.collect_project_status for erpnext_dev
2020-08-05 18:00:07,971 INFO scheduler Scheduled Job Complete: erpnext.projects.doctype.project.project.collect_project_status for erpnext_dev
2020-08-05 18:00:08,180 INFO scheduler Scheduled Job Start: erpnext.projects.doctype.project.project.hourly_reminder for erpnext_dev
2020-08-05 18:00:08,534 INFO scheduler Scheduled Job Complete: erpnext.projects.doctype.project.project.hourly_reminder for erpnext_dev
2020-08-05 18:00:08,802 INFO scheduler Scheduled Job Start: erpnext.erpnext_integrations.doctype.plaid_settings.plaid_settings.automatic_synchronization for erpnext_dev
2020-08-05 18:00:12,167 INFO scheduler Scheduled Job Complete: erpnext.erpnext_integrations.doctype.plaid_settings.plaid_settings.automatic_synchronization for erpnext_dev
2020-08-05 18:00:12,380 INFO scheduler Scheduled Job Start: erpnext.accounts.doctype.gl_entry.gl_entry.rename_gle_sle_docs for erpnext_dev
2020-08-05 18:00:12,727 INFO scheduler Scheduled Job Complete: erpnext.accounts.doctype.gl_entry.gl_entry.rename_gle_sle_docs for erpnext_dev
2020-08-05 18:00:12,945 INFO scheduler Scheduled Job Start: erpnext.erpnext_integrations.doctype.amazon_mws_settings.amazon_mws_settings.schedule_get_order_details for erpnext_dev
2020-08-05 18:00:13,491 INFO scheduler Scheduled Job Complete: erpnext.erpnext_integrations.doctype.amazon_mws_settings.amazon_mws_settings.schedule_get_order_details for erpnext_dev
2020-08-05 18:00:13,777 INFO scheduler Scheduled Job Start: erpnext.accounts.doctype.subscription.subscription.process_all for erpnext_dev
2020-08-05 18:00:14,679 INFO scheduler Scheduled Job Complete: erpnext.accounts.doctype.subscription.subscription.process_all for erpnext_dev
2020-08-05 18:00:14,888 INFO scheduler Scheduled Job Start: erpnext.hr.doctype.daily_work_summary_group.daily_work_summary_group.trigger_emails for erpnext_dev
2020-08-05 18:00:15,147 INFO scheduler Scheduled Job Complete: erpnext.hr.doctype.daily_work_summary_group.daily_work_summary_group.trigger_emails for erpnext_dev
2020-08-05 18:00:15,396 INFO scheduler Scheduled Job Start: erpnext.crm.doctype.social_media_post.social_media_post.process_scheduled_social_media_posts for erpnext_dev
2020-08-05 18:00:15,596 INFO scheduler Scheduled Job Complete: erpnext.crm.doctype.social_media_post.social_media_post.process_scheduled_social_media_posts for erpnext_dev
2020-08-05 18:00:15,652 INFO scheduler Scheduled Job Start: erpnext.healthcare.doctype.patient_appointment.patient_appointment.send_appointment_reminder for erpnext_dev
2020-08-05 18:00:15,902 INFO scheduler Scheduled Job Complete: erpnext.healthcare.doctype.patient_appointment.patient_appointment.send_appointment_reminder for erpnext_dev
2020-08-05 18:00:15,956 INFO scheduler Scheduled Job Start: erpnext.projects.doctype.project.project.project_status_update_reminder for erpnext_dev
2020-08-05 18:00:16,167 INFO scheduler Scheduled Job Complete: erpnext.projects.doctype.project.project.project_status_update_reminder for erpnext_dev
2020-08-05 18:00:16,230 INFO scheduler Scheduled Job Start: frappe.email.doctype.newsletter.newsletter.send_scheduled_email for erpnext_dev
2020-08-05 18:00:16,576 INFO scheduler Scheduled Job Complete: frappe.email.doctype.newsletter.newsletter.send_scheduled_email for erpnext_dev
2020-08-05 18:00:16,797 INFO scheduler Scheduled Job Start: frappe.integrations.doctype.google_calendar.google_calendar.sync for erpnext_dev
2020-08-05 18:00:19,887 INFO scheduler Scheduled Job Complete: frappe.integrations.doctype.google_calendar.google_calendar.sync for erpnext_dev
2020-08-05 18:00:20,435 INFO scheduler Scheduled Job Start: frappe.desk.form.document_follow.send_hourly_updates for erpnext_dev
2020-08-05 18:00:20,771 INFO scheduler Scheduled Job Complete: frappe.desk.form.document_follow.send_hourly_updates for erpnext_dev
2020-08-05 18:00:20,967 INFO scheduler Scheduled Job Start: frappe.deferred_insert.save_to_db for erpnext_dev
2020-08-05 18:00:24,392 INFO scheduler Scheduled Job Complete: frappe.deferred_insert.save_to_db for erpnext_dev
2020-08-05 18:00:24,675 INFO scheduler Scheduled Job Start: frappe.desk.page.backups.backups.delete_downloadable_backups for erpnext_dev
2020-08-05 18:00:25,054 INFO scheduler Scheduled Job Complete: frappe.desk.page.backups.backups.delete_downloadable_backups for erpnext_dev
2020-08-05 18:00:25,303 INFO scheduler Scheduled Job Start: frappe.utils.error.collect_error_snapshots for erpnext_dev
2020-08-05 18:00:26,063 INFO scheduler Scheduled Job Complete: frappe.utils.error.collect_error_snapshots for erpnext_dev
2020-08-05 18:00:26,501 INFO scheduler Scheduled Job Start: frappe.model.utils.user_settings.sync_user_settings for erpnext_dev
2020-08-05 18:00:27,208 INFO scheduler Scheduled Job Complete: frappe.model.utils.user_settings.sync_user_settings for erpnext_dev
2020-08-05 18:00:27,538 INFO scheduler Scheduled Job Start: frappe.model.utils.link_count.update_link_count for erpnext_dev
2020-08-05 18:00:28,018 INFO scheduler Scheduled Job Complete: frappe.model.utils.link_count.update_link_count for erpnext_dev
2020-08-05 18:00:28,212 INFO scheduler Scheduled Job Start: frappe.monitor.flush for erpnext_dev
2020-08-05 18:00:28,403 INFO scheduler Scheduled Job Complete: frappe.monitor.flush for erpnext_dev
2020-08-05 18:00:28,458 INFO scheduler Scheduled Job Start: frappe.utils.global_search.sync_global_search for erpnext_dev
2020-08-05 18:00:28,671 INFO scheduler Scheduled Job Complete: frappe.utils.global_search.sync_global_search for erpnext_dev
2020-08-05 18:00:28,729 INFO scheduler Scheduled Job Start: frappe.integrations.doctype.razorpay_settings.razorpay_settings.capture_payment for erpnext_dev
2020-08-05 18:00:28,964 INFO scheduler Scheduled Job Complete: frappe.integrations.doctype.razorpay_settings.razorpay_settings.capture_payment for erpnext_dev
2020-08-05 18:00:29,015 INFO scheduler Scheduled Job Start: frappe.email.doctype.email_account.email_account.notify_unreplied for erpnext_dev
2020-08-05 18:00:29,272 INFO scheduler Scheduled Job Complete: frappe.email.doctype.email_account.email_account.notify_unreplied for erpnext_dev
2020-08-05 18:00:29,317 INFO scheduler Scheduled Job Start: frappe.email.doctype.email_account.email_account.pull for erpnext_dev
2020-08-05 18:00:29,661 INFO scheduler Scheduled Job Complete: frappe.email.doctype.email_account.email_account.pull for erpnext_dev
2020-08-05 18:00:29,719 INFO scheduler Scheduled Job Start: frappe.email.queue.flush for erpnext_dev
2020-08-05 18:00:30,068 INFO scheduler Scheduled Job Complete: frappe.email.queue.flush for erpnext_dev
2020-08-05 18:00:30,124 INFO scheduler Scheduled Job Start: frappe.twofactor.delete_all_barcodes_for_users for erpnext_dev
2020-08-05 18:00:30,478 INFO scheduler Scheduled Job Complete: frappe.twofactor.delete_all_barcodes_for_users for erpnext_dev
2020-08-05 18:00:30,857 INFO scheduler Scheduled Job Start: frappe.website.doctype.web_page.web_page.check_publish_status for erpnext_dev
2020-08-05 18:00:31,482 INFO scheduler Scheduled Job Complete: frappe.website.doctype.web_page.web_page.check_publish_status for erpnext_dev
2020-08-05 18:00:31,855 INFO scheduler Scheduled Job Start: frappe.oauth.delete_oauth2_data for erpnext_dev
2020-08-05 18:00:32,165 INFO scheduler Scheduled Job Complete: frappe.oauth.delete_oauth2_data for erpnext_dev
2020-08-05 18:04:07,210 INFO scheduler Scheduled Job Start: erpnext.crm.doctype.social_media_post.social_media_post.process_scheduled_social_media_posts for erpnext_dev
2020-08-05 18:04:07,716 INFO scheduler Scheduled Job Complete: erpnext.crm.doctype.social_media_post.social_media_post.process_scheduled_social_media_posts for erpnext_dev
2020-08-05 18:04:07,771 INFO scheduler Scheduled Job Start: erpnext.healthcare.doctype.patient_appointment.patient_appointment.send_appointment_reminder for erpnext_dev
2020-08-05 18:04:08,025 INFO scheduler Scheduled Job Complete: erpnext.healthcare.doctype.patient_appointment.patient_appointment.send_appointment_reminder for erpnext_dev
2020-08-05 18:04:08,079 INFO scheduler Scheduled Job Start: erpnext.projects.doctype.project.project.project_status_update_reminder for erpnext_dev
2020-08-05 18:04:08,343 INFO scheduler Scheduled Job Complete: erpnext.projects.doctype.project.project.project_status_update_reminder for erpnext_dev
2020-08-05 18:04:08,398 INFO scheduler Scheduled Job Start: frappe.monitor.flush for erpnext_dev
2020-08-05 18:04:08,512 INFO scheduler Scheduled Job Complete: frappe.monitor.flush for erpnext_dev
2020-08-05 18:04:08,576 INFO scheduler Scheduled Job Start: frappe.utils.global_search.sync_global_search for erpnext_dev
2020-08-05 18:04:08,695 INFO scheduler Scheduled Job Complete: frappe.utils.global_search.sync_global_search for erpnext_dev
2020-08-05 18:04:08,759 INFO scheduler Scheduled Job Start: frappe.integrations.doctype.razorpay_settings.razorpay_settings.capture_payment for erpnext_dev
2020-08-05 18:04:08,934 INFO scheduler Scheduled Job Complete: frappe.integrations.doctype.razorpay_settings.razorpay_settings.capture_payment for erpnext_dev
2020-08-05 18:04:08,986 INFO scheduler Scheduled Job Start: frappe.email.doctype.email_account.email_account.notify_unreplied for erpnext_dev
2020-08-05 18:04:09,148 INFO scheduler Scheduled Job Complete: frappe.email.doctype.email_account.email_account.notify_unreplied for erpnext_dev
2020-08-05 18:04:09,190 INFO scheduler Scheduled Job Start: frappe.email.doctype.email_account.email_account.pull for erpnext_dev
2020-08-05 18:04:09,341 INFO scheduler Scheduled Job Complete: frappe.email.doctype.email_account.email_account.pull for erpnext_dev
2020-08-05 18:04:09,393 INFO scheduler Scheduled Job Start: frappe.email.queue.flush for erpnext_dev
2020-08-05 18:04:09,528 INFO scheduler Scheduled Job Complete: frappe.email.queue.flush for erpnext_dev
2020-08-05 18:08:08,364 INFO scheduler Scheduled Job Start: erpnext.crm.doctype.social_media_post.social_media_post.process_scheduled_social_media_posts for erpnext_dev
2020-08-05 18:08:08,517 INFO scheduler Scheduled Job Complete: erpnext.crm.doctype.social_media_post.social_media_post.process_scheduled_social_media_posts for erpnext_dev
2020-08-05 18:08:08,574 INFO scheduler Scheduled Job Start: erpnext.healthcare.doctype.patient_appointment.patient_appointment.send_appointment_reminder for erpnext_dev
2020-08-05 18:08:08,701 INFO scheduler Scheduled Job Complete: erpnext.healthcare.doctype.patient_appointment.patient_appointment.send_appointment_reminder for erpnext_dev
2020-08-05 18:08:08,758 INFO scheduler Scheduled Job Start: erpnext.projects.doctype.project.project.project_status_update_reminder for erpnext_dev
2020-08-05 18:08:08,916 INFO scheduler Scheduled Job Complete: erpnext.projects.doctype.project.project.project_status_update_reminder for erpnext_dev
2020-08-05 18:08:08,971 INFO scheduler Scheduled Job Start: frappe.monitor.flush for erpnext_dev
2020-08-05 18:08:09,083 INFO scheduler Scheduled Job Complete: frappe.monitor.flush for erpnext_dev
2020-08-05 18:08:09,146 INFO scheduler Scheduled Job Start: frappe.utils.global_search.sync_global_search for erpnext_dev
2020-08-05 18:08:09,258 INFO scheduler Scheduled Job Complete: frappe.utils.global_search.sync_global_search for erpnext_dev
2020-08-05 18:08:09,323 INFO scheduler Scheduled Job Start: frappe.integrations.doctype.razorpay_settings.razorpay_settings.capture_payment for erpnext_dev
2020-08-05 18:08:09,464 INFO scheduler Scheduled Job Complete: frappe.integrations.doctype.razorpay_settings.razorpay_settings.capture_payment for erpnext_dev
2020-08-05 18:08:09,521 INFO scheduler Scheduled Job Start: frappe.email.doctype.email_account.email_account.notify_unreplied for erpnext_dev
2020-08-05 18:08:09,670 INFO scheduler Scheduled Job Complete: frappe.email.doctype.email_account.email_account.notify_unreplied for erpnext_dev
2020-08-05 18:08:09,725 INFO scheduler Scheduled Job Start: frappe.email.doctype.email_account.email_account.pull for erpnext_dev
2020-08-05 18:08:09,880 INFO scheduler Scheduled Job Complete: frappe.email.doctype.email_account.email_account.pull for erpnext_dev
2020-08-05 18:08:09,934 INFO scheduler Scheduled Job Start: frappe.email.queue.flush for erpnext_dev
2020-08-05 18:08:10,066 INFO scheduler Scheduled Job Complete: frappe.email.queue.flush for erpnext_dev
2020-08-05 18:12:09,400 INFO scheduler Scheduled Job Start: erpnext.crm.doctype.social_media_post.social_media_post.process_scheduled_social_media_posts for erpnext_dev
2020-08-05 18:12:09,643 INFO scheduler Scheduled Job Complete: erpnext.crm.doctype.social_media_post.social_media_post.process_scheduled_social_media_posts for erpnext_dev
2020-08-05 18:12:09,696 INFO scheduler Scheduled Job Start: erpnext.healthcare.doctype.patient_appointment.patient_appointment.send_appointment_reminder for erpnext_dev
2020-08-05 18:12:09,822 INFO scheduler Scheduled Job Complete: erpnext.healthcare.doctype.patient_appointment.patient_appointment.send_appointment_reminder for erpnext_dev
2020-08-05 18:12:09,878 INFO scheduler Scheduled Job Start: erpnext.projects.doctype.project.project.project_status_update_reminder for erpnext_dev
2020-08-05 18:12:10,028 INFO scheduler Scheduled Job Complete: erpnext.projects.doctype.project.project.project_status_update_reminder for erpnext_dev
2020-08-05 18:12:10,081 INFO scheduler Scheduled Job Start: frappe.monitor.flush for erpnext_dev
2020-08-05 18:12:10,190 INFO scheduler Scheduled Job Complete: frappe.monitor.flush for erpnext_dev
2020-08-05 18:12:10,253 INFO scheduler Scheduled Job Start: frappe.utils.global_search.sync_global_search for erpnext_dev
2020-08-05 18:12:10,502 INFO scheduler Scheduled Job Complete: frappe.utils.global_search.sync_global_search for erpnext_dev
2020-08-05 18:12:10,568 INFO scheduler Scheduled Job Start: frappe.integrations.doctype.razorpay_settings.razorpay_settings.capture_payment for erpnext_dev
2020-08-05 18:12:10,681 INFO scheduler Scheduled Job Complete: frappe.integrations.doctype.razorpay_settings.razorpay_settings.capture_payment for erpnext_dev
2020-08-05 18:12:10,741 INFO scheduler Scheduled Job Start: frappe.email.doctype.email_account.email_account.notify_unreplied for erpnext_dev
2020-08-05 18:12:10,887 INFO scheduler Scheduled Job Complete: frappe.email.doctype.email_account.email_account.notify_unreplied for erpnext_dev
2020-08-05 18:12:10,939 INFO scheduler Scheduled Job Start: frappe.email.doctype.email_account.email_account.pull for erpnext_dev
2020-08-05 18:12:11,128 INFO scheduler Scheduled Job Complete: frappe.email.doctype.email_account.email_account.pull for erpnext_dev
2020-08-05 18:12:11,179 INFO scheduler Scheduled Job Start: frappe.email.queue.flush for erpnext_dev
2020-08-05 18:12:11,309 INFO scheduler Scheduled Job Complete: frappe.email.queue.flush for erpnext_dev
2020-08-05 18:15:10,325 INFO scheduler Scheduled Job Start: frappe.twofactor.delete_all_barcodes_for_users for erpnext_dev
2020-08-05 18:15:10,523 INFO scheduler Scheduled Job Complete: frappe.twofactor.delete_all_barcodes_for_users for erpnext_dev
2020-08-05 18:15:10,681 INFO scheduler Scheduled Job Start: frappe.website.doctype.web_page.web_page.check_publish_status for erpnext_dev
2020-08-05 18:15:10,866 INFO scheduler Scheduled Job Complete: frappe.website.doctype.web_page.web_page.check_publish_status for erpnext_dev
2020-08-05 18:15:11,020 INFO scheduler Scheduled Job Start: frappe.oauth.delete_oauth2_data for erpnext_dev
2020-08-05 18:15:11,399 INFO scheduler Scheduled Job Complete: frappe.oauth.delete_oauth2_data for erpnext_dev
2020-08-05 18:16:10,528 INFO scheduler Scheduled Job Start: erpnext.crm.doctype.social_media_post.social_media_post.process_scheduled_social_media_posts for erpnext_dev
2020-08-05 18:16:10,672 INFO scheduler Scheduled Job Complete: erpnext.crm.doctype.social_media_post.social_media_post.process_scheduled_social_media_posts for erpnext_dev
2020-08-05 18:16:10,727 INFO scheduler Scheduled Job Start: erpnext.healthcare.doctype.patient_appointment.patient_appointment.send_appointment_reminder for erpnext_dev
2020-08-05 18:16:10,848 INFO scheduler Scheduled Job Complete: erpnext.healthcare.doctype.patient_appointment.patient_appointment.send_appointment_reminder for erpnext_dev
2020-08-05 18:16:10,902 INFO scheduler Scheduled Job Start: erpnext.projects.doctype.project.project.project_status_update_reminder for erpnext_dev
2020-08-05 18:16:11,045 INFO scheduler Scheduled Job Complete: erpnext.projects.doctype.project.project.project_status_update_reminder for erpnext_dev
2020-08-05 18:16:11,100 INFO scheduler Scheduled Job Start: frappe.monitor.flush for erpnext_dev
2020-08-05 18:16:11,271 INFO scheduler Scheduled Job Complete: frappe.monitor.flush for erpnext_dev
2020-08-05 18:16:11,338 INFO scheduler Scheduled Job Start: frappe.utils.global_search.sync_global_search for erpnext_dev
2020-08-05 18:16:12,056 INFO scheduler Scheduled Job Complete: frappe.utils.global_search.sync_global_search for erpnext_dev
2020-08-05 18:16:12,116 INFO scheduler Scheduled Job Start: frappe.integrations.doctype.razorpay_settings.razorpay_settings.capture_payment for erpnext_dev
2020-08-05 18:16:12,237 INFO scheduler Scheduled Job Complete: frappe.integrations.doctype.razorpay_settings.razorpay_settings.capture_payment for erpnext_dev
2020-08-05 18:16:12,291 INFO scheduler Scheduled Job Start: frappe.email.doctype.email_account.email_account.notify_unreplied for erpnext_dev
2020-08-05 18:16:12,438 INFO scheduler Scheduled Job Complete: frappe.email.doctype.email_account.email_account.notify_unreplied for erpnext_dev
2020-08-05 18:16:12,493 INFO scheduler Scheduled Job Start: frappe.email.doctype.email_account.email_account.pull for erpnext_dev
2020-08-05 18:16:12,650 INFO scheduler Scheduled Job Complete: frappe.email.doctype.email_account.email_account.pull for erpnext_dev
2020-08-05 18:16:12,706 INFO scheduler Scheduled Job Start: frappe.email.queue.flush for erpnext_dev
2020-08-05 18:16:12,840 INFO scheduler Scheduled Job Complete: frappe.email.queue.flush for erpnext_dev
2020-08-05 18:20:11,704 INFO scheduler Scheduled Job Start: erpnext.crm.doctype.social_media_post.social_media_post.process_scheduled_social_media_posts for erpnext_dev
2020-08-05 18:20:11,832 INFO scheduler Scheduled Job Complete: erpnext.crm.doctype.social_media_post.social_media_post.process_scheduled_social_media_posts for erpnext_dev
2020-08-05 18:20:11,885 INFO scheduler Scheduled Job Start: erpnext.healthcare.doctype.patient_appointment.patient_appointment.send_appointment_reminder for erpnext_dev
2020-08-05 18:20:12,000 INFO scheduler Scheduled Job Complete: erpnext.healthcare.doctype.patient_appointment.patient_appointment.send_appointment_reminder for erpnext_dev
2020-08-05 18:20:12,059 INFO scheduler Scheduled Job Start: erpnext.projects.doctype.project.project.project_status_update_reminder for erpnext_dev
2020-08-05 18:20:12,206 INFO scheduler Scheduled Job Complete: erpnext.projects.doctype.project.project.project_status_update_reminder for erpnext_dev
2020-08-05 18:20:12,262 INFO scheduler Scheduled Job Start: frappe.monitor.flush for erpnext_dev
2020-08-05 18:20:12,368 INFO scheduler Scheduled Job Complete: frappe.monitor.flush for erpnext_dev
2020-08-05 18:20:12,428 INFO scheduler Scheduled Job Start: frappe.utils.global_search.sync_global_search for erpnext_dev
2020-08-05 18:20:12,793 INFO scheduler Scheduled Job Complete: frappe.utils.global_search.sync_global_search for erpnext_dev
2020-08-05 18:20:12,856 INFO scheduler Scheduled Job Start: frappe.integrations.doctype.razorpay_settings.razorpay_settings.capture_payment for erpnext_dev
2020-08-05 18:20:12,979 INFO scheduler Scheduled Job Complete: frappe.integrations.doctype.razorpay_settings.razorpay_settings.capture_payment for erpnext_dev
2020-08-05 18:20:13,038 INFO scheduler Scheduled Job Start: frappe.email.doctype.email_account.email_account.notify_unreplied for erpnext_dev
2020-08-05 18:20:13,190 INFO scheduler Scheduled Job Complete: frappe.email.doctype.email_account.email_account.notify_unreplied for erpnext_dev
2020-08-05 18:20:13,248 INFO scheduler Scheduled Job Start: frappe.email.doctype.email_account.email_account.pull for erpnext_dev
2020-08-05 18:20:13,398 INFO scheduler Scheduled Job Complete: frappe.email.doctype.email_account.email_account.pull for erpnext_dev
2020-08-05 18:20:13,448 INFO scheduler Scheduled Job Start: frappe.email.queue.flush for erpnext_dev
2020-08-05 18:20:13,577 INFO scheduler Scheduled Job Complete: frappe.email.queue.flush for erpnext_dev
2020-08-05 18:24:12,837 INFO scheduler Scheduled Job Start: erpnext.crm.doctype.social_media_post.social_media_post.process_scheduled_social_media_posts for erpnext_dev
2020-08-05 18:24:12,980 INFO scheduler Scheduled Job Complete: erpnext.crm.doctype.social_media_post.social_media_post.process_scheduled_social_media_posts for erpnext_dev
2020-08-05 18:24:13,037 INFO scheduler Scheduled Job Start: erpnext.healthcare.doctype.patient_appointment.patient_appointment.send_appointment_reminder for erpnext_dev
2020-08-05 18:24:13,179 INFO scheduler Scheduled Job Complete: erpnext.healthcare.doctype.patient_appointment.patient_appointment.send_appointment_reminder for erpnext_dev
2020-08-05 18:24:13,229 INFO scheduler Scheduled Job Start: erpnext.projects.doctype.project.project.project_status_update_reminder for erpnext_dev
2020-08-05 18:24:13,368 INFO scheduler Scheduled Job Complete: erpnext.projects.doctype.project.project.project_status_update_reminder for erpnext_dev
2020-08-05 18:24:13,420 INFO scheduler Scheduled Job Start: frappe.monitor.flush for erpnext_dev
2020-08-05 18:24:13,521 INFO scheduler Scheduled Job Complete: frappe.monitor.flush for erpnext_dev
2020-08-05 18:24:13,582 INFO scheduler Scheduled Job Start: frappe.utils.global_search.sync_global_search for erpnext_dev
2020-08-05 18:24:13,779 INFO scheduler Scheduled Job Complete: frappe.utils.global_search.sync_global_search for erpnext_dev
2020-08-05 18:24:13,846 INFO scheduler Scheduled Job Start: frappe.integrations.doctype.razorpay_settings.razorpay_settings.capture_payment for erpnext_dev
2020-08-05 18:24:13,955 INFO scheduler Scheduled Job Complete: frappe.integrations.doctype.razorpay_settings.razorpay_settings.capture_payment for erpnext_dev
2020-08-05 18:24:14,008 INFO scheduler Scheduled Job Start: frappe.email.doctype.email_account.email_account.notify_unreplied for erpnext_dev
2020-08-05 18:24:14,184 INFO scheduler Scheduled Job Complete: frappe.email.doctype.email_account.email_account.notify_unreplied for erpnext_dev
2020-08-05 18:24:14,239 INFO scheduler Scheduled Job Start: frappe.email.doctype.email_account.email_account.pull for erpnext_dev
2020-08-05 18:24:14,400 INFO scheduler Scheduled Job Complete: frappe.email.doctype.email_account.email_account.pull for erpnext_dev
2020-08-05 18:24:14,459 INFO scheduler Scheduled Job Start: frappe.email.queue.flush for erpnext_dev
2020-08-05 18:24:14,585 INFO scheduler Scheduled Job Complete: frappe.email.queue.flush for erpnext_dev
2020-08-05 18:28:13,905 INFO scheduler Scheduled Job Start: erpnext.crm.doctype.social_media_post.social_media_post.process_scheduled_social_media_posts for erpnext_dev
2020-08-05 18:28:14,023 INFO scheduler Scheduled Job Complete: erpnext.crm.doctype.social_media_post.social_media_post.process_scheduled_social_media_posts for erpnext_dev
2020-08-05 18:28:14,079 INFO scheduler Scheduled Job Start: erpnext.healthcare.doctype.patient_appointment.patient_appointment.send_appointment_reminder for erpnext_dev
2020-08-05 18:28:14,193 INFO scheduler Scheduled Job Complete: erpnext.healthcare.doctype.patient_appointment.patient_appointment.send_appointment_reminder for erpnext_dev
2020-08-05 18:28:14,249 INFO scheduler Scheduled Job Start: erpnext.projects.doctype.project.project.project_status_update_reminder for erpnext_dev
2020-08-05 18:28:14,397 INFO scheduler Scheduled Job Complete: erpnext.projects.doctype.project.project.project_status_update_reminder for erpnext_dev
2020-08-05 18:28:14,449 INFO scheduler Scheduled Job Start: frappe.monitor.flush for erpnext_dev
2020-08-05 18:28:14,577 INFO scheduler Scheduled Job Complete: frappe.monitor.flush for erpnext_dev
2020-08-05 18:28:14,640 INFO scheduler Scheduled Job Start: frappe.utils.global_search.sync_global_search for erpnext_dev
2020-08-05 18:28:15,519 INFO scheduler Scheduled Job Complete: frappe.utils.global_search.sync_global_search for erpnext_dev
2020-08-05 18:28:15,579 INFO scheduler Scheduled Job Start: frappe.integrations.doctype.razorpay_settings.razorpay_settings.capture_payment for erpnext_dev
2020-08-05 18:28:15,708 INFO scheduler Scheduled Job Complete: frappe.integrations.doctype.razorpay_settings.razorpay_settings.capture_payment for erpnext_dev
2020-08-05 18:28:15,770 INFO scheduler Scheduled Job Start: frappe.email.doctype.email_account.email_account.notify_unreplied for erpnext_dev
2020-08-05 18:28:15,918 INFO scheduler Scheduled Job Complete: frappe.email.doctype.email_account.email_account.notify_unreplied for erpnext_dev
2020-08-05 18:28:15,965 INFO scheduler Scheduled Job Start: frappe.email.doctype.email_account.email_account.pull for erpnext_dev
2020-08-05 18:28:16,119 INFO scheduler Scheduled Job Complete: frappe.email.doctype.email_account.email_account.pull for erpnext_dev
2020-08-05 18:28:16,167 INFO scheduler Scheduled Job Start: frappe.email.queue.flush for erpnext_dev
2020-08-05 18:28:16,303 INFO scheduler Scheduled Job Complete: frappe.email.queue.flush for erpnext_dev
2020-08-05 18:30:14,524 INFO scheduler Scheduled Job Start: frappe.twofactor.delete_all_barcodes_for_users for erpnext_dev
2020-08-05 18:30:14,726 INFO scheduler Scheduled Job Complete: frappe.twofactor.delete_all_barcodes_for_users for erpnext_dev
2020-08-05 18:30:14,874 INFO scheduler Scheduled Job Start: frappe.website.doctype.web_page.web_page.check_publish_status for erpnext_dev
2020-08-05 18:30:15,072 INFO scheduler Scheduled Job Complete: frappe.website.doctype.web_page.web_page.check_publish_status for erpnext_dev
2020-08-05 18:30:15,247 INFO scheduler Scheduled Job Start: frappe.oauth.delete_oauth2_data for erpnext_dev
2020-08-05 18:30:15,673 INFO scheduler Scheduled Job Complete: frappe.oauth.delete_oauth2_data for erpnext_dev
2020-08-05 18:32:14,991 INFO scheduler Scheduled Job Start: erpnext.crm.doctype.social_media_post.social_media_post.process_scheduled_social_media_posts for erpnext_dev
2020-08-05 18:32:15,107 INFO scheduler Scheduled Job Complete: erpnext.crm.doctype.social_media_post.social_media_post.process_scheduled_social_media_posts for erpnext_dev
2020-08-05 18:32:15,166 INFO scheduler Scheduled Job Start: erpnext.healthcare.doctype.patient_appointment.patient_appointment.send_appointment_reminder for erpnext_dev
2020-08-05 18:32:15,349 INFO scheduler Scheduled Job Complete: erpnext.healthcare.doctype.patient_appointment.patient_appointment.send_appointment_reminder for erpnext_dev
2020-08-05 18:32:15,401 INFO scheduler Scheduled Job Start: erpnext.projects.doctype.project.project.project_status_update_reminder for erpnext_dev
2020-08-05 18:32:15,603 INFO scheduler Scheduled Job Complete: erpnext.projects.doctype.project.project.project_status_update_reminder for erpnext_dev
2020-08-05 18:32:15,659 INFO scheduler Scheduled Job Start: frappe.monitor.flush for erpnext_dev
2020-08-05 18:32:15,800 INFO scheduler Scheduled Job Complete: frappe.monitor.flush for erpnext_dev
2020-08-05 18:32:15,863 INFO scheduler Scheduled Job Start: frappe.utils.global_search.sync_global_search for erpnext_dev
2020-08-05 18:32:16,025 INFO scheduler Scheduled Job Complete: frappe.utils.global_search.sync_global_search for erpnext_dev
2020-08-05 18:32:16,088 INFO scheduler Scheduled Job Start: frappe.integrations.doctype.razorpay_settings.razorpay_settings.capture_payment for erpnext_dev
2020-08-05 18:32:16,211 INFO scheduler Scheduled Job Complete: frappe.integrations.doctype.razorpay_settings.razorpay_settings.capture_payment for erpnext_dev
2020-08-05 18:32:16,264 INFO scheduler Scheduled Job Start: frappe.email.doctype.email_account.email_account.notify_unreplied for erpnext_dev
2020-08-05 18:32:16,413 INFO scheduler Scheduled Job Complete: frappe.email.doctype.email_account.email_account.notify_unreplied for erpnext_dev
2020-08-05 18:32:16,461 INFO scheduler Scheduled Job Start: frappe.email.doctype.email_account.email_account.pull for erpnext_dev
2020-08-05 18:32:16,615 INFO scheduler Scheduled Job Complete: frappe.email.doctype.email_account.email_account.pull for erpnext_dev
2020-08-05 18:32:16,679 INFO scheduler Scheduled Job Start: frappe.email.queue.flush for erpnext_dev
2020-08-05 18:32:16,816 INFO scheduler Scheduled Job Complete: frappe.email.queue.flush for erpnext_dev
2020-08-05 18:36:16,070 INFO scheduler Scheduled Job Start: erpnext.crm.doctype.social_media_post.social_media_post.process_scheduled_social_media_posts for erpnext_dev
2020-08-05 18:36:16,239 INFO scheduler Scheduled Job Complete: erpnext.crm.doctype.social_media_post.social_media_post.process_scheduled_social_media_posts for erpnext_dev
2020-08-05 18:36:16,293 INFO scheduler Scheduled Job Start: erpnext.healthcare.doctype.patient_appointment.patient_appointment.send_appointment_reminder for erpnext_dev
2020-08-05 18:36:16,422 INFO scheduler Scheduled Job Complete: erpnext.healthcare.doctype.patient_appointment.patient_appointment.send_appointment_reminder for erpnext_dev
2020-08-05 18:36:16,473 INFO scheduler Scheduled Job Start: erpnext.projects.doctype.project.project.project_status_update_reminder for erpnext_dev
2020-08-05 18:36:17,140 INFO scheduler Scheduled Job Complete: erpnext.projects.doctype.project.project.project_status_update_reminder for erpnext_dev
2020-08-05 18:36:17,189 INFO scheduler Scheduled Job Start: frappe.monitor.flush for erpnext_dev
2020-08-05 18:36:17,409 INFO scheduler Scheduled Job Complete: frappe.monitor.flush for erpnext_dev
2020-08-05 18:36:17,471 INFO scheduler Scheduled Job Start: frappe.utils.global_search.sync_global_search for erpnext_dev
2020-08-05 18:36:17,802 INFO scheduler Scheduled Job Complete: frappe.utils.global_search.sync_global_search for erpnext_dev
2020-08-05 18:36:17,864 INFO scheduler Scheduled Job Start: frappe.integrations.doctype.razorpay_settings.razorpay_settings.capture_payment for erpnext_dev
2020-08-05 18:36:17,988 INFO scheduler Scheduled Job Complete: frappe.integrations.doctype.razorpay_settings.razorpay_settings.capture_payment for erpnext_dev
2020-08-05 18:36:18,043 INFO scheduler Scheduled Job Start: frappe.email.doctype.email_account.email_account.notify_unreplied for erpnext_dev
2020-08-05 18:36:18,175 INFO scheduler Scheduled Job Complete: frappe.email.doctype.email_account.email_account.notify_unreplied for erpnext_dev
2020-08-05 18:36:18,229 INFO scheduler Scheduled Job Start: frappe.email.doctype.email_account.email_account.pull for erpnext_dev
2020-08-05 18:36:18,372 INFO scheduler Scheduled Job Complete: frappe.email.doctype.email_account.email_account.pull for erpnext_dev
2020-08-05 18:36:18,425 INFO scheduler Scheduled Job Start: frappe.email.queue.flush for erpnext_dev
2020-08-05 18:36:18,552 INFO scheduler Scheduled Job Complete: frappe.email.queue.flush for erpnext_dev
2020-08-05 18:40:17,310 INFO scheduler Scheduled Job Start: erpnext.crm.doctype.social_media_post.social_media_post.process_scheduled_social_media_posts for erpnext_dev
2020-08-05 18:40:17,449 INFO scheduler Scheduled Job Complete: erpnext.crm.doctype.social_media_post.social_media_post.process_scheduled_social_media_posts for erpnext_dev
2020-08-05 18:40:17,503 INFO scheduler Scheduled Job Start: erpnext.healthcare.doctype.patient_appointment.patient_appointment.send_appointment_reminder for erpnext_dev
2020-08-05 18:40:17,630 INFO scheduler Scheduled Job Complete: erpnext.healthcare.doctype.patient_appointment.patient_appointment.send_appointment_reminder for erpnext_dev
2020-08-05 18:40:17,685 INFO scheduler Scheduled Job Start: erpnext.projects.doctype.project.project.project_status_update_reminder for erpnext_dev
2020-08-05 18:40:17,855 INFO scheduler Scheduled Job Complete: erpnext.projects.doctype.project.project.project_status_update_reminder for erpnext_dev
2020-08-05 18:40:17,913 INFO scheduler Scheduled Job Start: frappe.monitor.flush for erpnext_dev
2020-08-05 18:40:18,026 INFO scheduler Scheduled Job Complete: frappe.monitor.flush for erpnext_dev
2020-08-05 18:40:18,078 INFO scheduler Scheduled Job Start: frappe.utils.global_search.sync_global_search for erpnext_dev
2020-08-05 18:40:18,190 INFO scheduler Scheduled Job Complete: frappe.utils.global_search.sync_global_search for erpnext_dev
2020-08-05 18:40:18,252 INFO scheduler Scheduled Job Start: frappe.integrations.doctype.razorpay_settings.razorpay_settings.capture_payment for erpnext_dev
2020-08-05 18:40:18,372 INFO scheduler Scheduled Job Complete: frappe.integrations.doctype.razorpay_settings.razorpay_settings.capture_payment for erpnext_dev
2020-08-05 18:40:18,434 INFO scheduler Scheduled Job Start: frappe.email.doctype.email_account.email_account.notify_unreplied for erpnext_dev
2020-08-05 18:40:18,577 INFO scheduler Scheduled Job Complete: frappe.email.doctype.email_account.email_account.notify_unreplied for erpnext_dev
2020-08-05 18:40:18,627 INFO scheduler Scheduled Job Start: frappe.email.doctype.email_account.email_account.pull for erpnext_dev
2020-08-05 18:40:18,768 INFO scheduler Scheduled Job Complete: frappe.email.doctype.email_account.email_account.pull for erpnext_dev
2020-08-05 18:40:18,819 INFO scheduler Scheduled Job Start: frappe.email.queue.flush for erpnext_dev
2020-08-05 18:40:18,939 INFO scheduler Scheduled Job Complete: frappe.email.queue.flush for erpnext_dev
